#
# A fatal error has been detected by the Java Runtime Environment:
#
#  SIGSEGV (0xb) at pc=0x00000002654447af, pid=71734, tid=4562001920
#
# JRE version: 7.0_05-b05
# Java VM: Java HotSpot(TM) 64-Bit Server VM (23.1-b03 mixed mode bsd-amd64 compressed oops)
# Problematic frame:
# C  [netbase+0x17af]  _Z11fixPointersP7Context+0x1f
#
# Failed to write core dump. Core dumps have been disabled. To enable core dumping, try "ulimit -c unlimited" before starting Java again
#
# If you would like to submit a bug report, please visit:
#   http://bugreport.sun.com/bugreport/crash.jsp
# The crash happened outside the Java Virtual Machine in native code.
# See problematic frame for where to report the bug.
#

---------------  T H R E A D  ---------------

Current thread (0x00007fed2300e000):  JavaThread "main" [_thread_in_native, id=267034624, stack(0x000000010fdaa000,0x000000010feaa000)]

siginfo:si_signo=SIGSEGV: si_errno=0, si_code=1 (SEGV_MAPERR), si_addr=0x000000000000aaf0

Registers:
RAX=0x000000000000aa70, RBX=0x00000001132d2b90, RCX=0x000000010fea9850, RDX=0x00007fff712e28f8
RSP=0x000000010fea98c0, RBP=0x000000010fea98e0, RSI=0x0000060000000600, RDI=0x0000050000000603
R8 =0x0000000000002060, R9 =0x000000010fea9850, R10=0x0000000000000889, R11=0x0000000000000246
R12=0x0000000000000000, R13=0x00000001132d2b90, R14=0x000000010fea9a10, R15=0x00007fed2300e000
RIP=0x00000002654447af, EFLAGS=0x0000000000010202, ERR=0x0000000000000004
  TRAPNO=0x000000000000000e

Top of Stack: (sp=0x000000010fea98c0)
0x000000010fea98c0:   0000003000000018 000000010fea9910
0x000000010fea98d0:   000000000000aa70 000000000000aa70
0x000000010fea98e0:   000000010fea9900 000000026544488b
0x000000010fea98f0:   000000010fea9a10 000000000000aa70
0x000000010fea9900:   000000010fea9950 00000002654454f3
0x000000010fea9910:   000000010fea9a10 00007fed2300e000
0x000000010fea9920:   0000000000ea9970 00007fff8481ea41
0x000000010fea9930:   000000000000aa70 00010000000001b6
0x000000010fea9940:   00007fff10669190 0000000000000000
0x000000010fea9950:   000000010fea9970 00000002654455ad
0x000000010fea9960:   93b1091044d08dc1 00000001132d2b90
0x000000010fea9970:   000000010fea9990 00000002654593e4
0x000000010fea9980:   000000010fea9a10 00007fed2300e1d8
0x000000010fea9990:   000000010fea99f0 000000010ff90f90
0x000000010fea99a0:   000000010fea99f8 000000010ff85158
0x000000010fea99b0:   000000010fea99b0 00000001132d2b90
0x000000010fea99c0:   000000010fea9a10 00000001132d3040
0x000000010fea99d0:   0000000000000000 00000001132d2b90
0x000000010fea99e0:   0000000000000000 000000010fea9a10
0x000000010fea99f0:   000000010fea9a58 000000010ff85158
0x000000010fea9a00:   0000000000000000 000000010ff8ddd8
0x000000010fea9a10:   00000001476fa0a0 000000010fea9a18
0x000000010fea9a20:   00000001132d2c77 000000010fea9a68
0x000000010fea9a30:   00000001132d3040 0000000000000000
0x000000010fea9a40:   00000001132d2c80 000000010fea9a10
0x000000010fea9a50:   000000010fea9a68 000000010fea9ad0
0x000000010fea9a60:   000000010ff7f4f7 00000001476fa090
0x000000010fea9a70:   0000000100001fa0 0000000000000001
0x000000010fea9a80:   00007fed2300e000 000000010ff7f46f
0x000000010fea9a90:   000000000000000a 00007fed22c116b0
0x000000010fea9aa0:   000000010fea9b40 000000010fea9df0
0x000000010fea9ab0:   000000000000000a 00000001132d2c80 

Instructions: (pc=0x00000002654447af)
0x000000026544478f:   00 55 48 89 e5 48 83 ec 20 48 89 7d f8 48 8d 05
0x000000026544479f:   9b cc 06 00 48 89 c7 e8 65 04 06 00 48 8b 45 f8
0x00000002654447af:   48 8b 80 80 00 00 00 48 89 45 f0 48 8b 45 f8 48
0x00000002654447bf:   8b 40 68 48 89 45 e8 48 8b 45 f8 48 89 c7 e8 9e 

Register to memory mapping:

RAX=0x000000000000aa70 is an unknown value
RBX=0x00000001132d2b90 is an oop
{method} 
 - klass: {other class}
RCX=0x000000010fea9850 is pointing into the stack for thread: 0x00007fed2300e000
RDX=0x00007fff712e28f8: __sFX+0xf8 in /usr/lib/system/libsystem_c.dylib at 0x00007fff8479e000
RSP=0x000000010fea98c0 is pointing into the stack for thread: 0x00007fed2300e000
RBP=0x000000010fea98e0 is pointing into the stack for thread: 0x00007fed2300e000
RSI=0x0000060000000600 is an unknown value
RDI=0x0000050000000603 is an unknown value
R8 =0x0000000000002060 is an unknown value
R9 =0x000000010fea9850 is pointing into the stack for thread: 0x00007fed2300e000
R10=0x0000000000000889 is an unknown value
R11=0x0000000000000246 is an unknown value
R12=0x0000000000000000 is an unknown value
R13=0x00000001132d2b90 is an oop
{method} 
 - klass: {other class}
R14=0x000000010fea9a10 is pointing into the stack for thread: 0x00007fed2300e000
R15=0x00007fed2300e000 is a thread


Stack: [0x000000010fdaa000,0x000000010feaa000],  sp=0x000000010fea98c0,  free space=1022k
Native frames: (J=compiled Java code, j=interpreted, Vv=VM code, C=native code)
C  [netbase+0x17af]  _Z11fixPointersP7Context+0x1f
C  [netbase+0x188b]  _Z11fixPointersv+0x2b
C  [netbase+0x24f3]  _Z12share_memoryv+0x2d3
C  [netbase+0x25ad]  _Z4initv+0xd
C  [netbase+0x163e4]  Java_HelloJNI_sayHello+0x24
j  HelloJNI.sayHello()V+0
j  HelloJNI.main([Ljava/lang/String;)V+7
v  ~StubRoutines::call_stub
V  [libjvm.dylib+0x286ccb]
V  [libjvm.dylib+0x286a98]
V  [libjvm.dylib+0x2a2080]
V  [libjvm.dylib+0x29b403]
C  [java+0x32e2]  JavaMain+0x9b1
C  [libsystem_c.dylib+0x147a2]  _pthread_start+0x147
C  [libsystem_c.dylib+0x11e1]  thread_start+0xd

Java frames: (J=compiled Java code, j=interpreted, Vv=VM code)
j  HelloJNI.sayHello()V+0
j  HelloJNI.main([Ljava/lang/String;)V+7
v  ~StubRoutines::call_stub

---------------  P R O C E S S  ---------------

Java Threads: ( => current thread )
  0x00007fed24025000 JavaThread "Service Thread" daemon [_thread_blocked, id=1697591296, stack(0x00000001651f3000,0x00000001652f3000)]
  0x00007fed24024800 JavaThread "C2 CompilerThread1" daemon [_thread_blocked, id=1696530432, stack(0x00000001650f0000,0x00000001651f0000)]
  0x00007fed24023000 JavaThread "C2 CompilerThread0" daemon [_thread_blocked, id=1695469568, stack(0x0000000164fed000,0x00000001650ed000)]
  0x00007fed24009000 JavaThread "Signal Dispatcher" daemon [_thread_blocked, id=1694408704, stack(0x0000000164eea000,0x0000000164fea000)]
  0x00007fed23065000 JavaThread "Finalizer" daemon [_thread_blocked, id=1691979776, stack(0x0000000164c99000,0x0000000164d99000)]
  0x00007fed23064000 JavaThread "Reference Handler" daemon [_thread_blocked, id=1690918912, stack(0x0000000164b96000,0x0000000164c96000)]
=>0x00007fed2300e000 JavaThread "main" [_thread_in_native, id=267034624, stack(0x000000010fdaa000,0x000000010feaa000)]

Other Threads:
  0x00007fed23061800 VMThread [stack: 0x0000000164a93000,0x0000000164b93000] [id=1689858048]
  0x00007fed24008000 WatcherThread [stack: 0x00000001652f6000,0x00000001653f6000] [id=1698652160]

VM state:not at safepoint (normal execution)

VM Mutex/Monitor currently owned by a thread: None

Heap
 PSYoungGen      total 21184K, used 743K [0x0000000147650000, 0x0000000148df0000, 0x000000015f050000)
  eden space 18176K, 4% used [0x0000000147650000,0x0000000147709ca0,0x0000000148810000)
  from space 3008K, 0% used [0x0000000148b00000,0x0000000148b00000,0x0000000148df0000)
  to   space 3008K, 0% used [0x0000000148810000,0x0000000148810000,0x0000000148b00000)
 ParOldGen       total 48384K, used 0K [0x0000000118250000, 0x000000011b190000, 0x0000000147650000)
  object space 48384K, 0% used [0x0000000118250000,0x0000000118250000,0x000000011b190000)
 PSPermGen       total 21248K, used 2574K [0x0000000113050000, 0x0000000114510000, 0x0000000118250000)
  object space 21248K, 12% used [0x0000000113050000,0x00000001132d3960,0x0000000114510000)

Code Cache  [0x000000010ff7f000, 0x00000001101ef000, 0x0000000112f7f000)
 total_blobs=180 nmethods=1 adapters=132 free_code_cache=48771Kb largest_free_block=49924800

Compilation events (2 events):
Event: 0.054 Thread 0x00007fed24024800    1             java.lang.String::hashCode (67 bytes)
Event: 0.058 Thread 0x00007fed24024800 nmethod 1 0x000000010ffdf190 code [0x000000010ffdf2c0, 0x000000010ffdf458]

GC Heap History (0 events):
No events

Deoptimization events (0 events):
No events

Internal exceptions (10 events):
Event: 0.058 Thread 0x00007fed2300e000 Threw 0x00000001476e16b0 at /HUDSON/workspace/jdk7u5-2-build-macosx-amd64-product/jdk7u5/hotspot/src/share/vm/prims/jni.cpp:715
Event: 0.058 Thread 0x00007fed2300e000 Threw 0x00000001476e17d0 at /HUDSON/workspace/jdk7u5-2-build-macosx-amd64-product/jdk7u5/hotspot/src/share/vm/prims/jvm.cpp:1166
Event: 0.058 Thread 0x00007fed2300e000 Threw 0x00000001476e18f8 at /HUDSON/workspace/jdk7u5-2-build-macosx-amd64-product/jdk7u5/hotspot/src/share/vm/prims/jvm.cpp:1166
Event: 0.058 Thread 0x00007fed2300e000 Threw 0x00000001476e2588 at /HUDSON/workspace/jdk7u5-2-build-macosx-amd64-product/jdk7u5/hotspot/src/share/vm/prims/jni.cpp:715
Event: 0.058 Thread 0x00007fed2300e000 Threw 0x00000001476e26a8 at /HUDSON/workspace/jdk7u5-2-build-macosx-amd64-product/jdk7u5/hotspot/src/share/vm/prims/jvm.cpp:1166
Event: 0.058 Thread 0x00007fed2300e000 Threw 0x00000001476e27d0 at /HUDSON/workspace/jdk7u5-2-build-macosx-amd64-product/jdk7u5/hotspot/src/share/vm/prims/jvm.cpp:1166
Event: 0.060 Thread 0x00007fed2300e000 Threw 0x00000001476f52d0 at /HUDSON/workspace/jdk7u5-2-build-macosx-amd64-product/jdk7u5/hotspot/src/share/vm/prims/jni.cpp:715
Event: 0.060 Thread 0x00007fed2300e000 Threw 0x00000001476f53f0 at /HUDSON/workspace/jdk7u5-2-build-macosx-amd64-product/jdk7u5/hotspot/src/share/vm/prims/jvm.cpp:1166
Event: 0.060 Thread 0x00007fed2300e000 Threw 0x00000001476f5518 at /HUDSON/workspace/jdk7u5-2-build-macosx-amd64-product/jdk7u5/hotspot/src/share/vm/prims/jvm.cpp:1166
Event: 0.060 Thread 0x00007fed2300e000 Threw 0x00000001476f5768 at /HUDSON/workspace/jdk7u5-2-build-macosx-amd64-product/jdk7u5/hotspot/src/share/vm/prims/jvm.cpp:1166

Events (10 events):
Event: 0.061 loading class 0x00007fed22c6aa20
Event: 0.061 loading class 0x00007fed22c6aa20 done
Event: 0.061 loading class 0x00007fed22c685b0
Event: 0.061 loading class 0x00007fed22c685b0 done
Event: 0.061 loading class 0x00007fed22c685e0
Event: 0.062 loading class 0x00007fed22c685e0 done
Event: 0.062 loading class 0x00007fed22c4e9e0
Event: 0.062 loading class 0x00007fed22c4e9e0 done
Event: 0.062 loading class 0x00007fed22c323e0
Event: 0.062 loading class 0x00007fed22c323e0 done


Dynamic libraries:
0x00000000009ed000 	/System/Library/Frameworks/Cocoa.framework/Versions/A/Cocoa
0x00000000009ed000 	/System/Library/Frameworks/Security.framework/Versions/A/Security
0x00000000009ed000 	/System/Library/Frameworks/ApplicationServices.framework/Versions/A/ApplicationServices
0x00000000009ed000 	/usr/lib/libz.1.dylib
0x00000000009ed000 	/usr/lib/libSystem.B.dylib
0x00000000009ed000 	/usr/lib/libobjc.A.dylib
0x00000000009ed000 	/System/Library/Frameworks/CoreFoundation.framework/Versions/A/CoreFoundation
0x00000000009ed000 	/System/Library/Frameworks/AppKit.framework/Versions/C/AppKit
0x00000000009ed000 	/System/Library/Frameworks/CoreData.framework/Versions/A/CoreData
0x00000000009ed000 	/System/Library/Frameworks/Foundation.framework/Versions/C/Foundation
0x00000000009ed000 	/System/Library/PrivateFrameworks/RemoteViewServices.framework/Versions/A/RemoteViewServices
0x00000000009ed000 	/System/Library/Frameworks/AudioToolbox.framework/Versions/A/AudioToolbox
0x00000000009ed000 	/System/Library/Frameworks/AudioUnit.framework/Versions/A/AudioUnit
0x00000000009ed000 	/System/Library/PrivateFrameworks/DataDetectorsCore.framework/Versions/A/DataDetectorsCore
0x00000000009ed000 	/System/Library/PrivateFrameworks/DesktopServicesPriv.framework/Versions/A/DesktopServicesPriv
0x00000000009ed000 	/System/Library/Frameworks/Carbon.framework/Versions/A/Frameworks/HIToolbox.framework/Versions/A/HIToolbox
0x00000000009ed000 	/System/Library/Frameworks/QuartzCore.framework/Versions/A/QuartzCore
0x00000000009ed000 	/System/Library/Frameworks/Carbon.framework/Versions/A/Frameworks/SpeechRecognition.framework/Versions/A/SpeechRecognition
0x00000000009ed000 	/usr/lib/libauto.dylib
0x00000000009ed000 	/usr/lib/libicucore.A.dylib
0x00000000009ed000 	/usr/lib/libxml2.2.dylib
0x00000000009ed000 	/System/Library/PrivateFrameworks/CoreUI.framework/Versions/A/CoreUI
0x00000000009ed000 	/System/Library/Frameworks/CoreAudio.framework/Versions/A/CoreAudio
0x00000000009ed000 	/System/Library/Frameworks/DiskArbitration.framework/Versions/A/DiskArbitration
0x00000000009ed000 	/usr/lib/liblangid.dylib
0x00000000009ed000 	/System/Library/PrivateFrameworks/MultitouchSupport.framework/Versions/A/MultitouchSupport
0x00000000009ed000 	/System/Library/Frameworks/IOKit.framework/Versions/A/IOKit
0x00000000009ed000 	/usr/lib/libDiagnosticMessagesClient.dylib
0x00000000009ed000 	/System/Library/Frameworks/CoreServices.framework/Versions/A/CoreServices
0x00000000009ed000 	/System/Library/PrivateFrameworks/PerformanceAnalysis.framework/Versions/A/PerformanceAnalysis
0x00000000009ed000 	/System/Library/PrivateFrameworks/GenerationalStorage.framework/Versions/A/GenerationalStorage
0x00000000009ed000 	/System/Library/Frameworks/OpenGL.framework/Versions/A/OpenGL
0x00000000009ed000 	/System/Library/Frameworks/CoreText.framework/Versions/A/CoreText
0x00000000009ed000 	/System/Library/Frameworks/ImageIO.framework/Versions/A/ImageIO
0x00000000009ed000 	/System/Library/PrivateFrameworks/Backup.framework/Versions/A/Backup
0x00000000009ed000 	/System/Library/Frameworks/CFNetwork.framework/Versions/A/CFNetwork
0x00000000009ed000 	/System/Library/Frameworks/SystemConfiguration.framework/Versions/A/SystemConfiguration
0x00000000009ed000 	/usr/lib/libCRFSuite.dylib
0x00000000009ed000 	/System/Library/PrivateFrameworks/TCC.framework/Versions/A/TCC
0x00000000009ed000 	/usr/lib/libc++.1.dylib
0x00000000009ed000 	/usr/lib/libc++abi.dylib
0x00000000009ed000 	/usr/lib/system/libcache.dylib
0x00000000009ed000 	/usr/lib/system/libcommonCrypto.dylib
0x00000000009ed000 	/usr/lib/system/libcompiler_rt.dylib
0x00000000009ed000 	/usr/lib/system/libcopyfile.dylib
0x00000000009ed000 	/usr/lib/system/libdispatch.dylib
0x00000000009ed000 	/usr/lib/system/libdnsinfo.dylib
0x00000000009ed000 	/usr/lib/system/libdyld.dylib
0x00000000009ed000 	/usr/lib/system/libkeymgr.dylib
0x00000000009ed000 	/usr/lib/system/liblaunch.dylib
0x00000000009ed000 	/usr/lib/system/libmacho.dylib
0x00000000009ed000 	/usr/lib/system/libquarantine.dylib
0x00000000009ed000 	/usr/lib/system/libremovefile.dylib
0x00000000009ed000 	/usr/lib/system/libsystem_blocks.dylib
0x00000000009ed000 	/usr/lib/system/libsystem_c.dylib
0x00000000009ed000 	/usr/lib/system/libsystem_dnssd.dylib
0x00000000009ed000 	/usr/lib/system/libsystem_info.dylib
0x00000000009ed000 	/usr/lib/system/libsystem_kernel.dylib
0x00000000009ed000 	/usr/lib/system/libsystem_m.dylib
0x00000000009ed000 	/usr/lib/system/libsystem_network.dylib
0x00000000009ed000 	/usr/lib/system/libsystem_notify.dylib
0x00000000009ed000 	/usr/lib/system/libsystem_sandbox.dylib
0x00000000009ed000 	/usr/lib/system/libunc.dylib
0x00000000009ed000 	/usr/lib/system/libunwind.dylib
0x00000000009ed000 	/usr/lib/system/libxpc.dylib
0x00000000009ed000 	/usr/lib/system/libcorecrypto.dylib
0x00000000009ed000 	/usr/lib/libstdc++.6.dylib
0x00000000009ed000 	/usr/lib/libbsm.0.dylib
0x00000000009ed000 	/usr/lib/libsqlite3.dylib
0x00000000009ed000 	/usr/lib/libxar.1.dylib
0x00000000009ed000 	/usr/lib/libpam.2.dylib
0x00000000009ed000 	/usr/lib/libOpenScriptingUtil.dylib
0x00000000009ed000 	/usr/lib/libbz2.1.0.dylib
0x00000000009ed000 	/System/Library/Frameworks/CoreServices.framework/Versions/A/Frameworks/CarbonCore.framework/Versions/A/CarbonCore
0x00000000009ed000 	/System/Library/Frameworks/CoreServices.framework/Versions/A/Frameworks/Metadata.framework/Versions/A/Metadata
0x00000000009ed000 	/System/Library/Frameworks/CoreServices.framework/Versions/A/Frameworks/OSServices.framework/Versions/A/OSServices
0x00000000009ed000 	/System/Library/Frameworks/CoreServices.framework/Versions/A/Frameworks/SearchKit.framework/Versions/A/SearchKit
0x00000000009ed000 	/System/Library/Frameworks/CoreServices.framework/Versions/A/Frameworks/AE.framework/Versions/A/AE
0x00000000009ed000 	/System/Library/Frameworks/CoreServices.framework/Versions/A/Frameworks/LaunchServices.framework/Versions/A/LaunchServices
0x00000000009ed000 	/System/Library/Frameworks/CoreServices.framework/Versions/A/Frameworks/DictionaryServices.framework/Versions/A/DictionaryServices
0x00000000009ed000 	/System/Library/Frameworks/NetFS.framework/Versions/A/NetFS
0x00000000009ed000 	/usr/lib/system/libkxld.dylib
0x00000000009ed000 	/System/Library/PrivateFrameworks/NetAuth.framework/Versions/A/NetAuth
0x00000000009ed000 	/System/Library/Frameworks/OpenDirectory.framework/Versions/A/Frameworks/CFOpenDirectory.framework/Versions/A/CFOpenDirectory
0x00000000009ed000 	/usr/lib/libxslt.1.dylib
0x00000000009ed000 	/System/Library/PrivateFrameworks/FamilyControls.framework/Versions/A/FamilyControls
0x00000000009ed000 	/System/Library/Frameworks/Carbon.framework/Versions/A/Frameworks/Ink.framework/Versions/A/Ink
0x00000000009ed000 	/System/Library/Frameworks/ApplicationServices.framework/Versions/A/Frameworks/CoreGraphics.framework/Versions/A/CoreGraphics
0x00000000009ed000 	/System/Library/Frameworks/ApplicationServices.framework/Versions/A/Frameworks/ATS.framework/Versions/A/ATS
0x00000000009ed000 	/System/Library/Frameworks/ApplicationServices.framework/Versions/A/Frameworks/ColorSync.framework/Versions/A/ColorSync
0x00000000009ed000 	/System/Library/Frameworks/ApplicationServices.framework/Versions/A/Frameworks/HIServices.framework/Versions/A/HIServices
0x00000000009ed000 	/System/Library/Frameworks/ApplicationServices.framework/Versions/A/Frameworks/LangAnalysis.framework/Versions/A/LangAnalysis
0x00000000009ed000 	/System/Library/Frameworks/ApplicationServices.framework/Versions/A/Frameworks/PrintCore.framework/Versions/A/PrintCore
0x00000000009ed000 	/System/Library/Frameworks/ApplicationServices.framework/Versions/A/Frameworks/QD.framework/Versions/A/QD
0x00000000009ed000 	/System/Library/Frameworks/ApplicationServices.framework/Versions/A/Frameworks/SpeechSynthesis.framework/Versions/A/SpeechSynthesis
0x00000000009ed000 	/System/Library/Frameworks/IOSurface.framework/Versions/A/IOSurface
0x00000000009ed000 	/System/Library/Frameworks/Accelerate.framework/Versions/A/Accelerate
0x00000000009ed000 	/System/Library/Frameworks/ApplicationServices.framework/Versions/A/Frameworks/ATS.framework/Versions/A/Resources/libFontParser.dylib
0x00000000009ed000 	/System/Library/Frameworks/ApplicationServices.framework/Versions/A/Frameworks/ATS.framework/Versions/A/Resources/libFontRegistry.dylib
0x00000000009ed000 	/System/Library/Frameworks/Accelerate.framework/Versions/A/Frameworks/vImage.framework/Versions/A/vImage
0x00000000009ed000 	/System/Library/Frameworks/Accelerate.framework/Versions/A/Frameworks/vecLib.framework/Versions/A/vecLib
0x00000000009ed000 	/System/Library/Frameworks/Accelerate.framework/Versions/A/Frameworks/vecLib.framework/Versions/A/libvDSP.dylib
0x00000000009ed000 	/System/Library/Frameworks/Accelerate.framework/Versions/A/Frameworks/vecLib.framework/Versions/A/libvMisc.dylib
0x00000000009ed000 	/System/Library/Frameworks/Accelerate.framework/Versions/A/Frameworks/vecLib.framework/Versions/A/libLAPACK.dylib
0x00000000009ed000 	/System/Library/Frameworks/Accelerate.framework/Versions/A/Frameworks/vecLib.framework/Versions/A/libBLAS.dylib
0x00000000009ed000 	/System/Library/Frameworks/ImageIO.framework/Versions/A/Resources/libJPEG.dylib
0x00000000009ed000 	/System/Library/Frameworks/ImageIO.framework/Versions/A/Resources/libTIFF.dylib
0x00000000009ed000 	/System/Library/Frameworks/ImageIO.framework/Versions/A/Resources/libPng.dylib
0x00000000009ed000 	/System/Library/Frameworks/ImageIO.framework/Versions/A/Resources/libGIF.dylib
0x00000000009ed000 	/System/Library/Frameworks/ImageIO.framework/Versions/A/Resources/libJP2.dylib
0x00000000009ed000 	/System/Library/Frameworks/ImageIO.framework/Versions/A/Resources/libRadiance.dylib
0x00000000009ed000 	/usr/lib/libcups.2.dylib
0x00000000009ed000 	/System/Library/Frameworks/Kerberos.framework/Versions/A/Kerberos
0x00000000009ed000 	/System/Library/Frameworks/GSS.framework/Versions/A/GSS
0x00000000009ed000 	/usr/lib/libresolv.9.dylib
0x00000000009ed000 	/usr/lib/libiconv.2.dylib
0x00000000009ed000 	/System/Library/PrivateFrameworks/Heimdal.framework/Versions/A/Heimdal
0x00000000009ed000 	/System/Library/PrivateFrameworks/TrustEvaluationAgent.framework/Versions/A/TrustEvaluationAgent
0x00000000009ed000 	/System/Library/Frameworks/OpenDirectory.framework/Versions/A/OpenDirectory
0x00000000009ed000 	/System/Library/PrivateFrameworks/CommonAuth.framework/Versions/A/CommonAuth
0x00000000009ed000 	/System/Library/PrivateFrameworks/Bom.framework/Versions/A/Bom
0x00000000009ed000 	/System/Library/Frameworks/CoreVideo.framework/Versions/A/CoreVideo
0x00000000009ed000 	/System/Library/Frameworks/QuartzCore.framework/Versions/A/Frameworks/CoreImage.framework/Versions/A/CoreImage
0x00000000009ed000 	/System/Library/Frameworks/QuartzCore.framework/Versions/A/Frameworks/ScalableUserInterface.framework/Versions/A/ScalableUserInterface
0x00000000009ed000 	/System/Library/Frameworks/OpenGL.framework/Versions/A/Libraries/libGLU.dylib
0x00000000009ed000 	/System/Library/Frameworks/OpenGL.framework/Versions/A/Libraries/libGFXShared.dylib
0x00000000009ed000 	/System/Library/Frameworks/OpenGL.framework/Versions/A/Libraries/libGL.dylib
0x00000000009ed000 	/System/Library/Frameworks/OpenGL.framework/Versions/A/Libraries/libGLImage.dylib
0x00000000009ed000 	/System/Library/Frameworks/OpenGL.framework/Versions/A/Libraries/libCVMSPluginSupport.dylib
0x00000000009ed000 	/System/Library/Frameworks/OpenGL.framework/Versions/A/Libraries/libCoreVMClient.dylib
0x00000000009ed000 	/System/Library/PrivateFrameworks/CrashReporterSupport.framework/Versions/A/CrashReporterSupport
0x00000000009ed000 	/System/Library/Frameworks/OpenCL.framework/Versions/A/OpenCL
0x00000000009ed000 	/System/Library/PrivateFrameworks/FaceCoreLight.framework/Versions/A/FaceCoreLight
0x00000000009ed000 	/System/Library/PrivateFrameworks/AppleFSCompression.framework/Versions/A/AppleFSCompression
0x00000000009ed000 	/System/Library/PrivateFrameworks/Ubiquity.framework/Versions/A/Ubiquity
0x00000000009ed000 	/System/Library/Frameworks/ServiceManagement.framework/Versions/A/ServiceManagement
0x00000000009ed000 	/System/Library/PrivateFrameworks/ChunkingLibrary.framework/Versions/A/ChunkingLibrary
0x00000000009ed000 	/System/Library/Frameworks/vecLib.framework/Versions/A/vecLib
0x00000000009ed000 	/System/Library/Frameworks/SecurityFoundation.framework/Versions/A/SecurityFoundation
0x00000000009ed000 	/System/Library/PrivateFrameworks/CommerceKit.framework/Versions/A/Frameworks/CommerceCore.framework/Versions/A/CommerceCore
0x00000000009ed000 	/System/Library/PrivateFrameworks/CoreSymbolication.framework/Versions/A/CoreSymbolication
0x00000000009ed000 	/System/Library/PrivateFrameworks/Symbolication.framework/Versions/A/Symbolication
0x00000000009ed000 	/System/Library/PrivateFrameworks/DebugSymbols.framework/Versions/A/DebugSymbols
0x000000010f309000 	/Library/Java/JavaVirtualMachines/1.7.0.jdk/Contents/Home/jre/lib/server/libjvm.dylib
0x000000010feac000 	/Library/Java/JavaVirtualMachines/1.7.0.jdk/Contents/Home/jre/lib/libverify.dylib
0x000000010feb9000 	/Library/Java/JavaVirtualMachines/1.7.0.jdk/Contents/Home/jre/lib/libjava.dylib
0x000000010ff76000 	/Library/Java/JavaVirtualMachines/1.7.0.jdk/Contents/Home/jre/lib/libzip.dylib
0x0000000164d9b000 	/System/Library/Frameworks/JavaVM.framework/Frameworks/JavaRuntimeSupport.framework/JavaRuntimeSupport
0x0000000164db3000 	/System/Library/Frameworks/JavaVM.framework/Versions/A/Frameworks/JavaNativeFoundation.framework/Versions/A/JavaNativeFoundation
0x0000000164dc8000 	/System/Library/Frameworks/JavaVM.framework/Versions/A/JavaVM
0x00000000009ed000 	/System/Library/Frameworks/Carbon.framework/Versions/A/Carbon
0x0000000164dd5000 	/System/Library/PrivateFrameworks/JavaLaunching.framework/Versions/A/JavaLaunching
0x00000000009ed000 	/System/Library/Frameworks/Carbon.framework/Versions/A/Frameworks/CommonPanels.framework/Versions/A/CommonPanels
0x00000000009ed000 	/System/Library/Frameworks/Carbon.framework/Versions/A/Frameworks/Help.framework/Versions/A/Help
0x00000000009ed000 	/System/Library/Frameworks/Carbon.framework/Versions/A/Frameworks/ImageCapture.framework/Versions/A/ImageCapture
0x00000000009ed000 	/System/Library/Frameworks/Carbon.framework/Versions/A/Frameworks/OpenScripting.framework/Versions/A/OpenScripting
0x00000000009ed000 	/System/Library/Frameworks/Carbon.framework/Versions/A/Frameworks/Print.framework/Versions/A/Print
0x00000000009ed000 	/System/Library/Frameworks/Carbon.framework/Versions/A/Frameworks/SecurityHI.framework/Versions/A/SecurityHI
0x0000000165443000 	/Users/me/dev/cpp/netbase/netbase

VM Arguments:
java_command: HelloJNI
Launcher Type: SUN_STANDARD

Environment Variables:
JAVA_HOME=/Library/Java/JavaVirtualMachines/1.7.0.jdk/Contents/Home
CLASSPATH=:/Users/me/nlp/antlr-3.4/tool/target/antlr-3.4.jar:/Users/me/dev/android/kernel/cts/tools/signature-tools/lib/stringtemplate.jar
PATH=/opt/local/bin:/opt/local/sbin:/Users/me/.rvm/gems/ruby-1.9.3-p125/bin:/Users/me/.rvm/gems/ruby-1.9.3-p125@global/bin:/Users/me/.rvm/rubies/ruby-1.9.3-p125/bin:/Users/me/.rvm/bin:/opt/local/bin:/opt/local/sbin:/usr/bin:/bin:/usr/sbin:/sbin:/usr/local/bin:/opt/X11/bin:/opt/local/bin:/opt/local/sbin:/usr/local/bin:/Users/me/dev/script:/Users/me/dev/script/shell:/Users/me/dev/script/ruby/:/Users/me/dev/bin/:/Users/me/dev/script/macscript/:/Users/me/dev/resources/scala-2.10.0/bin/:/Users/me/dev/resources/android-sdk-mac_x86/tools/:/Users/me/dev/resources/android-sdk-mac_x86/platform-tools:/Users/me/dev/resources/ec2-api-tools/bin/:/usr/local/Cellar/elasticsearch/0.19.0/bin/:/Users/me/.ec2/bin
SHELL=/bin/bash
DISPLAY=/tmp/launch-c0K1vA/org.macosforge.xquartz:0

Signal Handlers:
SIGSEGV: [libjvm.dylib+0x4a1961], sa_mask[0]=0xfffefeff, sa_flags=0x00000042
SIGBUS: [libjvm.dylib+0x4a1961], sa_mask[0]=0xfffefeff, sa_flags=0x00000042
SIGFPE: [libjvm.dylib+0x3b173d], sa_mask[0]=0xfffefeff, sa_flags=0x00000042
SIGPIPE: [libjvm.dylib+0x3b173d], sa_mask[0]=0xfffefeff, sa_flags=0x00000042
SIGXFSZ: [libjvm.dylib+0x3b173d], sa_mask[0]=0xfffefeff, sa_flags=0x00000042
SIGILL: [libjvm.dylib+0x3b173d], sa_mask[0]=0xfffefeff, sa_flags=0x00000042
SIGUSR1: SIG_DFL, sa_mask[0]=0x63807efb, sa_flags=0x00000000
SIGUSR2: [libjvm.dylib+0x3b12ca], sa_mask[0]=0x00000000, sa_flags=0x00000042
SIGHUP: [libjvm.dylib+0x3af4ef], sa_mask[0]=0xfffefeff, sa_flags=0x00000042
SIGINT: [libjvm.dylib+0x3af4ef], sa_mask[0]=0xfffefeff, sa_flags=0x00000042
SIGTERM: [libjvm.dylib+0x3af4ef], sa_mask[0]=0xfffefeff, sa_flags=0x00000042
SIGQUIT: [libjvm.dylib+0x3af4ef], sa_mask[0]=0xfffefeff, sa_flags=0x00000042


---------------  S Y S T E M  ---------------

OS:Bsd
uname:Darwin 12.3.0 Darwin Kernel Version 12.3.0: Sun Jan  6 22:37:10 PST 2013; root:xnu-2050.22.13~1/RELEASE_X86_64 x86_64
rlimit: STACK 8192k, CORE 0k, NPROC 709, NOFILE 10240
CPU:total 8 (4 cores per cpu, 2 threads per core) family 6 model 42 stepping 7, cmov, cx8, fxsr, mmx, sse, sse2, sse3, ssse3, sse4.1, sse4.2, popcnt, avx, ht, tsc, tscinvbit

Memory: 4k page, physical 4644012k(1161003k free)

/proc/meminfo:


vm_info: Java HotSpot(TM) 64-Bit Server VM (23.1-b03) for bsd-amd64 JRE (1.7.0_05-b05), built on May 17 2012 19:38:23 by "java_re" with gcc 4.2.1 (Based on Apple Inc. build 5658) (LLVM build 2336.1.00)

time: Sun May  5 20:53:53 2013
elapsed time: 0 seconds

